Determining if the pthread_create exist failed with the following output:
Change Dir: /home/wecar/wecar_ws/build/CMakeFiles/CMakeTmp

Run Build Command:"/usr/bin/make" "cmTC_d2d2a/fast"
/usr/bin/make -f CMakeFiles/cmTC_d2d2a.dir/build.make CMakeFiles/cmTC_d2d2a.dir/build
make[1]: Entering directory '/home/wecar/wecar_ws/build/CMakeFiles/CMakeTmp'
Building C object CMakeFiles/cmTC_d2d2a.dir/CheckSymbolExists.c.o
/usr/bin/cc    -o CMakeFiles/cmTC_d2d2a.dir/CheckSymbolExists.c.o   -c /home/wecar/wecar_ws/build/CMakeFiles/CMakeTmp/CheckSymbolExists.c
Linking C executable cmTC_d2d2a
/usr/bin/cmake -E cmake_link_script CMakeFiles/cmTC_d2d2a.dir/link.txt --verbose=1
/usr/bin/cc      -rdynamic CMakeFiles/cmTC_d2d2a.dir/CheckSymbolExists.c.o  -o cmTC_d2d2a 
CMakeFiles/cmTC_d2d2a.dir/CheckSymbolExists.c.o: In function `main':
CheckSymbolExists.c:(.text+0x14): undefined reference to `pthread_create'
CheckSymbolExists.c:(.text+0x18): undefined reference to `pthread_create'
collect2: error: ld returned 1 exit status
CMakeFiles/cmTC_d2d2a.dir/build.make:97: recipe for target 'cmTC_d2d2a' failed
make[1]: *** [cmTC_d2d2a] Error 1
make[1]: Leaving directory '/home/wecar/wecar_ws/build/CMakeFiles/CMakeTmp'
Makefile:126: recipe for target 'cmTC_d2d2a/fast' failed
make: *** [cmTC_d2d2a/fast] Error 2

File /home/wecar/wecar_ws/build/CMakeFiles/CMakeTmp/CheckSymbolExists.c:
/* */
#include <pthread.h>

int main(int argc, char** argv)
{
  (void)argv;
#ifndef pthread_create
  return ((int*)(&pthread_create))[argc];
#else
  (void)argc;
  return 0;
#endif
}

Determining if the function pthread_create exists in the pthreads failed with the following output:
Change Dir: /home/wecar/wecar_ws/build/CMakeFiles/CMakeTmp

Run Build Command:"/usr/bin/make" "cmTC_bd572/fast"
/usr/bin/make -f CMakeFiles/cmTC_bd572.dir/build.make CMakeFiles/cmTC_bd572.dir/build
make[1]: Entering directory '/home/wecar/wecar_ws/build/CMakeFiles/CMakeTmp'
Building C object CMakeFiles/cmTC_bd572.dir/CheckFunctionExists.c.o
/usr/bin/cc   -DCHECK_FUNCTION_EXISTS=pthread_create   -o CMakeFiles/cmTC_bd572.dir/CheckFunctionExists.c.o   -c /usr/share/cmake-3.10/Modules/CheckFunctionExists.c
Linking C executable cmTC_bd572
/usr/bin/cmake -E cmake_link_script CMakeFiles/cmTC_bd572.dir/link.txt --verbose=1
/usr/bin/cc  -DCHECK_FUNCTION_EXISTS=pthread_create    -rdynamic CMakeFiles/cmTC_bd572.dir/CheckFunctionExists.c.o  -o cmTC_bd572 -lpthreads 
/usr/bin/ld: cannot find -lpthreads
collect2: error: ld returned 1 exit status
CMakeFiles/cmTC_bd572.dir/build.make:97: recipe for target 'cmTC_bd572' failed
make[1]: *** [cmTC_bd572] Error 1
make[1]: Leaving directory '/home/wecar/wecar_ws/build/CMakeFiles/CMakeTmp'
Makefile:126: recipe for target 'cmTC_bd572/fast' failed
make: *** [cmTC_bd572/fast] Error 2


Determining if the Q_WS_WIN exist failed with the following output:
Change Dir: /home/wecar/wecar_ws/build/CMakeFiles/CMakeTmp

Run Build Command:"/usr/bin/make" "cmTC_d94eb/fast"
/usr/bin/make -f CMakeFiles/cmTC_d94eb.dir/build.make CMakeFiles/cmTC_d94eb.dir/build
make[1]: Entering directory '/home/wecar/wecar_ws/build/CMakeFiles/CMakeTmp'
Building CXX object CMakeFiles/cmTC_d94eb.dir/CheckSymbolExists.cxx.o
/usr/bin/c++   -I/usr/include/qt4   -o CMakeFiles/cmTC_d94eb.dir/CheckSymbolExists.cxx.o -c /home/wecar/wecar_ws/build/CMakeFiles/CMakeTmp/CheckSymbolExists.cxx
/home/wecar/wecar_ws/build/CMakeFiles/CMakeTmp/CheckSymbolExists.cxx: In function ‘int main(int, char**)’:
/home/wecar/wecar_ws/build/CMakeFiles/CMakeTmp/CheckSymbolExists.cxx:8:19: error: ‘Q_WS_WIN’ was not declared in this scope
   return ((int*)(&Q_WS_WIN))[argc];
                   ^~~~~~~~
/home/wecar/wecar_ws/build/CMakeFiles/CMakeTmp/CheckSymbolExists.cxx:8:19: note: suggested alternative: ‘Q_WS_X11’
   return ((int*)(&Q_WS_WIN))[argc];
                   ^~~~~~~~
                   Q_WS_X11
CMakeFiles/cmTC_d94eb.dir/build.make:65: recipe for target 'CMakeFiles/cmTC_d94eb.dir/CheckSymbolExists.cxx.o' failed
make[1]: *** [CMakeFiles/cmTC_d94eb.dir/CheckSymbolExists.cxx.o] Error 1
make[1]: Leaving directory '/home/wecar/wecar_ws/build/CMakeFiles/CMakeTmp'
Makefile:126: recipe for target 'cmTC_d94eb/fast' failed
make: *** [cmTC_d94eb/fast] Error 2

File /home/wecar/wecar_ws/build/CMakeFiles/CMakeTmp/CheckSymbolExists.cxx:
/* */
#include <QtCore/qglobal.h>

int main(int argc, char** argv)
{
  (void)argv;
#ifndef Q_WS_WIN
  return ((int*)(&Q_WS_WIN))[argc];
#else
  (void)argc;
  return 0;
#endif
}

Determining if the Q_WS_QWS exist failed with the following output:
Change Dir: /home/wecar/wecar_ws/build/CMakeFiles/CMakeTmp

Run Build Command:"/usr/bin/make" "cmTC_27e91/fast"
/usr/bin/make -f CMakeFiles/cmTC_27e91.dir/build.make CMakeFiles/cmTC_27e91.dir/build
make[1]: Entering directory '/home/wecar/wecar_ws/build/CMakeFiles/CMakeTmp'
Building CXX object CMakeFiles/cmTC_27e91.dir/CheckSymbolExists.cxx.o
/usr/bin/c++   -I/usr/include/qt4   -o CMakeFiles/cmTC_27e91.dir/CheckSymbolExists.cxx.o -c /home/wecar/wecar_ws/build/CMakeFiles/CMakeTmp/CheckSymbolExists.cxx
/home/wecar/wecar_ws/build/CMakeFiles/CMakeTmp/CheckSymbolExists.cxx: In function ‘int main(int, char**)’:
/home/wecar/wecar_ws/build/CMakeFiles/CMakeTmp/CheckSymbolExists.cxx:8:19: error: ‘Q_WS_QWS’ was not declared in this scope
   return ((int*)(&Q_WS_QWS))[argc];
                   ^~~~~~~~
/home/wecar/wecar_ws/build/CMakeFiles/CMakeTmp/CheckSymbolExists.cxx:8:19: note: suggested alternative: ‘Q_WS_X11’
   return ((int*)(&Q_WS_QWS))[argc];
                   ^~~~~~~~
                   Q_WS_X11
CMakeFiles/cmTC_27e91.dir/build.make:65: recipe for target 'CMakeFiles/cmTC_27e91.dir/CheckSymbolExists.cxx.o' failed
make[1]: *** [CMakeFiles/cmTC_27e91.dir/CheckSymbolExists.cxx.o] Error 1
make[1]: Leaving directory '/home/wecar/wecar_ws/build/CMakeFiles/CMakeTmp'
Makefile:126: recipe for target 'cmTC_27e91/fast' failed
make: *** [cmTC_27e91/fast] Error 2

File /home/wecar/wecar_ws/build/CMakeFiles/CMakeTmp/CheckSymbolExists.cxx:
/* */
#include <QtCore/qglobal.h>

int main(int argc, char** argv)
{
  (void)argv;
#ifndef Q_WS_QWS
  return ((int*)(&Q_WS_QWS))[argc];
#else
  (void)argc;
  return 0;
#endif
}

Determining if the Q_WS_MAC exist failed with the following output:
Change Dir: /home/wecar/wecar_ws/build/CMakeFiles/CMakeTmp

Run Build Command:"/usr/bin/make" "cmTC_550fb/fast"
/usr/bin/make -f CMakeFiles/cmTC_550fb.dir/build.make CMakeFiles/cmTC_550fb.dir/build
make[1]: Entering directory '/home/wecar/wecar_ws/build/CMakeFiles/CMakeTmp'
Building CXX object CMakeFiles/cmTC_550fb.dir/CheckSymbolExists.cxx.o
/usr/bin/c++   -I/usr/include/qt4   -o CMakeFiles/cmTC_550fb.dir/CheckSymbolExists.cxx.o -c /home/wecar/wecar_ws/build/CMakeFiles/CMakeTmp/CheckSymbolExists.cxx
/home/wecar/wecar_ws/build/CMakeFiles/CMakeTmp/CheckSymbolExists.cxx: In function ‘int main(int, char**)’:
/home/wecar/wecar_ws/build/CMakeFiles/CMakeTmp/CheckSymbolExists.cxx:8:19: error: ‘Q_WS_MAC’ was not declared in this scope
   return ((int*)(&Q_WS_MAC))[argc];
                   ^~~~~~~~
/home/wecar/wecar_ws/build/CMakeFiles/CMakeTmp/CheckSymbolExists.cxx:8:19: note: suggested alternative: ‘Q_WS_X11’
   return ((int*)(&Q_WS_MAC))[argc];
                   ^~~~~~~~
                   Q_WS_X11
CMakeFiles/cmTC_550fb.dir/build.make:65: recipe for target 'CMakeFiles/cmTC_550fb.dir/CheckSymbolExists.cxx.o' failed
make[1]: *** [CMakeFiles/cmTC_550fb.dir/CheckSymbolExists.cxx.o] Error 1
make[1]: Leaving directory '/home/wecar/wecar_ws/build/CMakeFiles/CMakeTmp'
Makefile:126: recipe for target 'cmTC_550fb/fast' failed
make: *** [cmTC_550fb/fast] Error 2

File /home/wecar/wecar_ws/build/CMakeFiles/CMakeTmp/CheckSymbolExists.cxx:
/* */
#include <QtCore/qglobal.h>

int main(int argc, char** argv)
{
  (void)argv;
#ifndef Q_WS_MAC
  return ((int*)(&Q_WS_MAC))[argc];
#else
  (void)argc;
  return 0;
#endif
}

